<?xml version="1.0" encoding="UTF-8"?>
<!-- Generated by org.testng.reporters.JUnitReportReporter -->
<testsuite hostname="DESKTOP-3SUJPVT" name="com.runner.RunCuke" tests="2" failures="0" timestamp="23 Feb 2019 17:44:27 GMT" time="235.603" errors="0">
  <testcase name="feature" time="176.200" classname="com.runner.RunCuke"/>
  <testcase name="feature" time="59.403" classname="com.runner.RunCuke"/>
</testsuite> <!-- com.runner.RunCuke -->
